<?xml version="1.0" encoding="UTF-8"?>
<!-- Generated by org.testng.reporters.JUnitReportReporter -->
<testsuite hostname="DESKTOP-QLAFB8M" failures="1" tests="8" name="nopcommerce.user.Search" time="12.017" errors="0" timestamp="15 May 2024 06:09:46 GMT" skipped="0">
  <testcase classname="nopcommerce.user.Search" name="TC_03_Product_Name_Relative" time="1.477"/>
  <testcase classname="nopcommerce.user.Search" name="TC_07_Incorrect_Manufacturer" time="1.675"/>
  <testcase classname="nopcommerce.user.Search" name="TC_06_Sub_Categories" time="1.858"/>
  <testcase classname="nopcommerce.user.Search" name="TC_02_Data_Not_Exist" time="0.915"/>
  <testcase classname="nopcommerce.user.Search" name="TC_05_Parent_Categories" time="1.646"/>
  <testcase classname="nopcommerce.user.Search" name="TC_01_Empty_Data" time="1.618"/>
  <testcase classname="nopcommerce.user.Search" name="TC_04_Product_Name_Absolute" time="1.077"/>
  <testcase classname="nopcommerce.user.Search" name="TC_08_Correct_Manufacturer" time="1.751">
    <failure message="expected [true] but found [false]" type="java.lang.AssertionError">
      <![CDATA[java.lang.AssertionError: expected [true] but found [false]
at org.testng.Assert.fail(Assert.java:96)
at org.testng.Assert.failNotEquals(Assert.java:776)
at org.testng.Assert.assertTrue(Assert.java:44)
at org.testng.Assert.assertTrue(Assert.java:54)
at commons.BaseTest.verifyTrue(BaseTest.java:70)
at nopcommerce.user.Search.TC_08_Correct_Manufacturer(Search.java:118)
at java.base/jdk.internal.reflect.NativeMethodAccessorImpl.invoke0(Native Method)
at java.base/jdk.internal.reflect.NativeMethodAccessorImpl.invoke(NativeMethodAccessorImpl.java:62)
at java.base/jdk.internal.reflect.DelegatingMethodAccessorImpl.invoke(DelegatingMethodAccessorImpl.java:43)
at java.base/java.lang.reflect.Method.invoke(Method.java:566)
at org.testng.internal.MethodInvocationHelper.invokeMethod(MethodInvocationHelper.java:124)
at org.testng.internal.Invoker.invokeMethod(Invoker.java:583)
at org.testng.internal.Invoker.invokeTestMethod(Invoker.java:719)
at org.testng.internal.Invoker.invokeTestMethods(Invoker.java:989)
at org.testng.internal.TestMethodWorker.invokeTestMethods(TestMethodWorker.java:125)
at org.testng.internal.TestMethodWorker.run(TestMethodWorker.java:109)
at org.testng.TestRunner.privateRun(TestRunner.java:648)
at org.testng.TestRunner.run(TestRunner.java:505)
at org.testng.SuiteRunner.runTest(SuiteRunner.java:455)
at org.testng.SuiteRunner.runSequentially(SuiteRunner.java:450)
at org.testng.SuiteRunner.privateRun(SuiteRunner.java:415)
at org.testng.SuiteRunner.run(SuiteRunner.java:364)
at org.testng.SuiteRunnerWorker.runSuite(SuiteRunnerWorker.java:52)
at org.testng.SuiteRunnerWorker.run(SuiteRunnerWorker.java:84)
at org.testng.TestNG.runSuitesSequentially(TestNG.java:1208)
at org.testng.TestNG.runSuitesLocally(TestNG.java:1137)
at org.testng.TestNG.runSuites(TestNG.java:1049)
at org.testng.TestNG.run(TestNG.java:1017)
at org.testng.remote.AbstractRemoteTestNG.run(AbstractRemoteTestNG.java:115)
at org.testng.remote.RemoteTestNG.initAndRun(RemoteTestNG.java:251)
at org.testng.remote.RemoteTestNG.main(RemoteTestNG.java:77)
]]>
    </failure>
  </testcase> <!-- TC_08_Correct_Manufacturer -->
</testsuite> <!-- nopcommerce.user.Search -->
